[2025-03-17T01:27:40.630+0000] {taskinstance.py:1157} INFO - Dependencies all met for dep_context=non-requeueable deps ti=<TaskInstance: etl_reddit_pipeline.reddit_extraction scheduled__2025-03-16T00:00:00+00:00 [queued]>
[2025-03-17T01:27:40.638+0000] {taskinstance.py:1157} INFO - Dependencies all met for dep_context=requeueable deps ti=<TaskInstance: etl_reddit_pipeline.reddit_extraction scheduled__2025-03-16T00:00:00+00:00 [queued]>
[2025-03-17T01:27:40.638+0000] {taskinstance.py:1359} INFO - Starting attempt 2 of 2
[2025-03-17T01:27:40.647+0000] {taskinstance.py:1380} INFO - Executing <Task(PythonOperator): reddit_extraction> on 2025-03-16 00:00:00+00:00
[2025-03-17T01:27:40.661+0000] {standard_task_runner.py:57} INFO - Started process 55 to run task
[2025-03-17T01:27:40.665+0000] {standard_task_runner.py:84} INFO - Running: ['***', 'tasks', 'run', 'etl_reddit_pipeline', 'reddit_extraction', 'scheduled__2025-03-16T00:00:00+00:00', '--job-id', '5', '--raw', '--subdir', 'DAGS_FOLDER/reddit_dag.py', '--cfg-path', '/tmp/tmpvb7cq3ll']
[2025-03-17T01:27:40.668+0000] {standard_task_runner.py:85} INFO - Job 5: Subtask reddit_extraction
[2025-03-17T01:27:40.775+0000] {task_command.py:415} INFO - Running <TaskInstance: etl_reddit_pipeline.reddit_extraction scheduled__2025-03-16T00:00:00+00:00 [running]> on host bfa63cabed93
[2025-03-17T01:27:40.854+0000] {taskinstance.py:1660} INFO - Exporting env vars: AIRFLOW_CTX_DAG_OWNER='vijay Mopuru' AIRFLOW_CTX_DAG_ID='etl_reddit_pipeline' AIRFLOW_CTX_TASK_ID='reddit_extraction' AIRFLOW_CTX_EXECUTION_DATE='2025-03-16T00:00:00+00:00' AIRFLOW_CTX_TRY_NUMBER='2' AIRFLOW_CTX_DAG_RUN_ID='scheduled__2025-03-16T00:00:00+00:00'
[2025-03-17T01:27:41.093+0000] {taskinstance.py:1935} ERROR - Task failed with exception
Traceback (most recent call last):
  File "/home/airflow/.local/lib/python3.9/site-packages/airflow/operators/python.py", line 192, in execute
    return_value = self.execute_callable()
  File "/home/airflow/.local/lib/python3.9/site-packages/airflow/operators/python.py", line 209, in execute_callable
    return self.python_callable(*self.op_args, **self.op_kwargs)
  File "/opt/airflow/dags/reddit_dag.py", line 20, in reddit_pipeline
    for submission in subreddit_obj.top(time_filter=time_filter, limit=int(limit)):
  File "/home/airflow/.local/lib/python3.9/site-packages/praw/models/listing/generator.py", line 66, in __next__
    self._next_batch()
  File "/home/airflow/.local/lib/python3.9/site-packages/praw/models/listing/generator.py", line 90, in _next_batch
    self._listing = self._reddit.get(self.url, params=self.params)
  File "/home/airflow/.local/lib/python3.9/site-packages/praw/util/deprecate_args.py", line 46, in wrapped
    return func(**dict(zip(_old_args, args)), **kwargs)
  File "/home/airflow/.local/lib/python3.9/site-packages/praw/reddit.py", line 731, in get
    return self._objectify_request(method="GET", params=params, path=path)
  File "/home/airflow/.local/lib/python3.9/site-packages/praw/reddit.py", line 514, in _objectify_request
    self.request(
  File "/home/airflow/.local/lib/python3.9/site-packages/praw/util/deprecate_args.py", line 46, in wrapped
    return func(**dict(zip(_old_args, args)), **kwargs)
  File "/home/airflow/.local/lib/python3.9/site-packages/praw/reddit.py", line 963, in request
    return self._core.request(
  File "/home/airflow/.local/lib/python3.9/site-packages/prawcore/sessions.py", line 328, in request
    return self._request_with_retries(
  File "/home/airflow/.local/lib/python3.9/site-packages/prawcore/sessions.py", line 234, in _request_with_retries
    response, saved_exception = self._make_request(
  File "/home/airflow/.local/lib/python3.9/site-packages/prawcore/sessions.py", line 186, in _make_request
    response = self._rate_limiter.call(
  File "/home/airflow/.local/lib/python3.9/site-packages/prawcore/rate_limit.py", line 46, in call
    kwargs["headers"] = set_header_callback()
  File "/home/airflow/.local/lib/python3.9/site-packages/prawcore/sessions.py", line 282, in _set_header_callback
    self._authorizer.refresh()
  File "/home/airflow/.local/lib/python3.9/site-packages/prawcore/auth.py", line 378, in refresh
    self._request_token(grant_type="client_credentials", **additional_kwargs)
  File "/home/airflow/.local/lib/python3.9/site-packages/prawcore/auth.py", line 155, in _request_token
    response = self._authenticator._post(url=url, **data)
  File "/home/airflow/.local/lib/python3.9/site-packages/prawcore/auth.py", line 59, in _post
    raise ResponseException(response)
prawcore.exceptions.ResponseException: received 401 HTTP response
[2025-03-17T01:27:41.113+0000] {taskinstance.py:1398} INFO - Marking task as FAILED. dag_id=etl_reddit_pipeline, task_id=reddit_extraction, execution_date=20250316T000000, start_date=20250317T012740, end_date=20250317T012741
[2025-03-17T01:27:41.126+0000] {standard_task_runner.py:104} ERROR - Failed to execute job 5 for task reddit_extraction (received 401 HTTP response; 55)
[2025-03-17T01:27:41.138+0000] {local_task_job_runner.py:228} INFO - Task exited with return code 1
[2025-03-17T01:27:41.159+0000] {taskinstance.py:2776} INFO - 0 downstream tasks scheduled from follow-on schedule check
[2025-03-17T02:01:40.215+0000] {taskinstance.py:1157} INFO - Dependencies all met for dep_context=non-requeueable deps ti=<TaskInstance: etl_reddit_pipeline.reddit_extraction scheduled__2025-03-16T00:00:00+00:00 [queued]>
[2025-03-17T02:01:40.224+0000] {taskinstance.py:1157} INFO - Dependencies all met for dep_context=requeueable deps ti=<TaskInstance: etl_reddit_pipeline.reddit_extraction scheduled__2025-03-16T00:00:00+00:00 [queued]>
[2025-03-17T02:01:40.225+0000] {taskinstance.py:1359} INFO - Starting attempt 2 of 2
[2025-03-17T02:01:40.237+0000] {taskinstance.py:1380} INFO - Executing <Task(PythonOperator): reddit_extraction> on 2025-03-16 00:00:00+00:00
[2025-03-17T02:01:40.250+0000] {standard_task_runner.py:57} INFO - Started process 55 to run task
[2025-03-17T02:01:40.255+0000] {standard_task_runner.py:84} INFO - Running: ['***', 'tasks', 'run', 'etl_reddit_pipeline', 'reddit_extraction', 'scheduled__2025-03-16T00:00:00+00:00', '--job-id', '5', '--raw', '--subdir', 'DAGS_FOLDER/reddit_dag.py', '--cfg-path', '/tmp/tmp3mbpyqnv']
[2025-03-17T02:01:40.258+0000] {standard_task_runner.py:85} INFO - Job 5: Subtask reddit_extraction
[2025-03-17T02:01:40.371+0000] {task_command.py:415} INFO - Running <TaskInstance: etl_reddit_pipeline.reddit_extraction scheduled__2025-03-16T00:00:00+00:00 [running]> on host 7e74b270c79c
[2025-03-17T02:01:40.460+0000] {taskinstance.py:1660} INFO - Exporting env vars: AIRFLOW_CTX_DAG_OWNER='vijay Mopuru' AIRFLOW_CTX_DAG_ID='etl_reddit_pipeline' AIRFLOW_CTX_TASK_ID='reddit_extraction' AIRFLOW_CTX_EXECUTION_DATE='2025-03-16T00:00:00+00:00' AIRFLOW_CTX_TRY_NUMBER='2' AIRFLOW_CTX_DAG_RUN_ID='scheduled__2025-03-16T00:00:00+00:00'
[2025-03-17T02:01:40.465+0000] {taskinstance.py:1935} ERROR - Task failed with exception
Traceback (most recent call last):
  File "/home/airflow/.local/lib/python3.9/site-packages/airflow/operators/python.py", line 192, in execute
    return_value = self.execute_callable()
  File "/home/airflow/.local/lib/python3.9/site-packages/airflow/operators/python.py", line 209, in execute_callable
    return self.python_callable(*self.op_args, **self.op_kwargs)
  File "/opt/airflow/dags/reddit_dag.py", line 11, in reddit_pipeline
    reddit = praw.Reddit(
  File "/home/airflow/.local/lib/python3.9/site-packages/praw/util/deprecate_args.py", line 46, in wrapped
    return func(**dict(zip(_old_args, args)), **kwargs)
  File "/home/airflow/.local/lib/python3.9/site-packages/praw/reddit.py", line 259, in __init__
    raise MissingRequiredAttributeException(
praw.exceptions.MissingRequiredAttributeException: Required configuration setting 'client_id' missing. 
This setting can be provided in a praw.ini file, as a keyword argument to the Reddit class constructor, or as an environment variable.
[2025-03-17T02:01:40.475+0000] {taskinstance.py:1398} INFO - Marking task as FAILED. dag_id=etl_reddit_pipeline, task_id=reddit_extraction, execution_date=20250316T000000, start_date=20250317T020140, end_date=20250317T020140
[2025-03-17T02:01:40.483+0000] {standard_task_runner.py:104} ERROR - Failed to execute job 5 for task reddit_extraction (Required configuration setting 'client_id' missing. 
This setting can be provided in a praw.ini file, as a keyword argument to the Reddit class constructor, or as an environment variable.; 55)
[2025-03-17T02:01:40.525+0000] {local_task_job_runner.py:228} INFO - Task exited with return code 1
[2025-03-17T02:01:40.537+0000] {taskinstance.py:2776} INFO - 0 downstream tasks scheduled from follow-on schedule check
[2025-03-17T02:09:40.174+0000] {taskinstance.py:1157} INFO - Dependencies all met for dep_context=non-requeueable deps ti=<TaskInstance: etl_reddit_pipeline.reddit_extraction scheduled__2025-03-16T00:00:00+00:00 [queued]>
[2025-03-17T02:09:40.182+0000] {taskinstance.py:1157} INFO - Dependencies all met for dep_context=requeueable deps ti=<TaskInstance: etl_reddit_pipeline.reddit_extraction scheduled__2025-03-16T00:00:00+00:00 [queued]>
[2025-03-17T02:09:40.182+0000] {taskinstance.py:1359} INFO - Starting attempt 2 of 2
[2025-03-17T02:09:40.189+0000] {taskinstance.py:1380} INFO - Executing <Task(PythonOperator): reddit_extraction> on 2025-03-16 00:00:00+00:00
[2025-03-17T02:09:40.193+0000] {standard_task_runner.py:57} INFO - Started process 54 to run task
[2025-03-17T02:09:40.202+0000] {standard_task_runner.py:84} INFO - Running: ['***', 'tasks', 'run', 'etl_reddit_pipeline', 'reddit_extraction', 'scheduled__2025-03-16T00:00:00+00:00', '--job-id', '5', '--raw', '--subdir', 'DAGS_FOLDER/reddit_dag.py', '--cfg-path', '/tmp/tmpolgzoz1m']
[2025-03-17T02:09:40.205+0000] {standard_task_runner.py:85} INFO - Job 5: Subtask reddit_extraction
[2025-03-17T02:09:40.319+0000] {task_command.py:415} INFO - Running <TaskInstance: etl_reddit_pipeline.reddit_extraction scheduled__2025-03-16T00:00:00+00:00 [running]> on host 1ba35855be5c
[2025-03-17T02:09:40.432+0000] {taskinstance.py:1660} INFO - Exporting env vars: AIRFLOW_CTX_DAG_OWNER='vijay Mopuru' AIRFLOW_CTX_DAG_ID='etl_reddit_pipeline' AIRFLOW_CTX_TASK_ID='reddit_extraction' AIRFLOW_CTX_EXECUTION_DATE='2025-03-16T00:00:00+00:00' AIRFLOW_CTX_TRY_NUMBER='2' AIRFLOW_CTX_DAG_RUN_ID='scheduled__2025-03-16T00:00:00+00:00'
[2025-03-17T02:09:40.438+0000] {taskinstance.py:1935} ERROR - Task failed with exception
Traceback (most recent call last):
  File "/home/airflow/.local/lib/python3.9/site-packages/airflow/operators/python.py", line 192, in execute
    return_value = self.execute_callable()
  File "/home/airflow/.local/lib/python3.9/site-packages/airflow/operators/python.py", line 209, in execute_callable
    return self.python_callable(*self.op_args, **self.op_kwargs)
  File "/opt/airflow/dags/reddit_dag.py", line 11, in reddit_pipeline
    reddit = praw.Reddit(
  File "/home/airflow/.local/lib/python3.9/site-packages/praw/util/deprecate_args.py", line 46, in wrapped
    return func(**dict(zip(_old_args, args)), **kwargs)
  File "/home/airflow/.local/lib/python3.9/site-packages/praw/reddit.py", line 259, in __init__
    raise MissingRequiredAttributeException(
praw.exceptions.MissingRequiredAttributeException: Required configuration setting 'client_id' missing. 
This setting can be provided in a praw.ini file, as a keyword argument to the Reddit class constructor, or as an environment variable.
[2025-03-17T02:09:40.447+0000] {taskinstance.py:1398} INFO - Marking task as FAILED. dag_id=etl_reddit_pipeline, task_id=reddit_extraction, execution_date=20250316T000000, start_date=20250317T020940, end_date=20250317T020940
[2025-03-17T02:09:40.455+0000] {standard_task_runner.py:104} ERROR - Failed to execute job 5 for task reddit_extraction (Required configuration setting 'client_id' missing. 
This setting can be provided in a praw.ini file, as a keyword argument to the Reddit class constructor, or as an environment variable.; 54)
[2025-03-17T02:09:40.462+0000] {local_task_job_runner.py:228} INFO - Task exited with return code 1
[2025-03-17T02:09:40.473+0000] {taskinstance.py:2776} INFO - 0 downstream tasks scheduled from follow-on schedule check
